2017-12-05 17:39:48.2979|INFO|Microsoft.AspNetCore.Hosting.Internal.WebHost|Request starting HTTP/1.1 GET http://localhost:12018/  
2017-12-05 17:39:48.7130|INFO|Microsoft.AspNetCore.Hosting.Internal.WebHost|Request finished in 444.2571ms 404 
2017-12-05 17:39:51.5326|INFO|Microsoft.AspNetCore.Hosting.Internal.WebHost|Request starting HTTP/1.1 GET http://localhost:12018/api/product/1  
2017-12-05 17:39:51.7677|INFO|Microsoft.AspNetCore.Mvc.Internal.ControllerActionInvoker|Executing action method CoreBackend.Api.Controllers.ProductController.GetProduct (CoreBackend.Api) with arguments (1) - ModelState is Valid
2017-12-05 17:39:51.7677|INFO|CoreBackend.Api.Controllers.ProductController|Index page says hello
2017-12-05 17:40:01.7524|INFO|Microsoft.AspNetCore.Mvc.Formatters.Json.Internal.JsonResultExecutor|Executing JsonResult, writing value CoreBackend.Api.Dto.Product.
2017-12-05 17:40:01.8402|INFO|Microsoft.AspNetCore.Mvc.Internal.ControllerActionInvoker|Executed action CoreBackend.Api.Controllers.ProductController.GetProduct (CoreBackend.Api) in 10174.1954ms
2017-12-05 17:40:01.8472|INFO|Microsoft.AspNetCore.Hosting.Internal.WebHost|Request finished in 10315.2635ms 200 application/json; charset=utf-8
2017-12-05 17:50:53.1157|INFO|Microsoft.AspNetCore.Hosting.Internal.WebHost|Request starting HTTP/1.1 GET http://localhost:12018/  
2017-12-05 17:50:53.5044|INFO|Microsoft.AspNetCore.Hosting.Internal.WebHost|Request finished in 432.8275ms 404 
2017-12-05 17:50:57.0237|INFO|Microsoft.AspNetCore.Hosting.Internal.WebHost|Request starting HTTP/1.1 GET http://localhost:12018/api/product/1  
2017-12-05 17:50:57.2567|INFO|Microsoft.AspNetCore.Mvc.Internal.ControllerActionInvoker|Executing action method CoreBackend.Api.Controllers.ProductController.GetProduct (CoreBackend.Api) with arguments (1) - ModelState is Valid
2017-12-05 17:50:57.2567|INFO|CoreBackend.Api.Controllers.ProductController|Index page says hello
2017-12-05 17:51:16.7074|INFO|Microsoft.AspNetCore.Mvc.Formatters.Json.Internal.JsonResultExecutor|Executing JsonResult, writing value CoreBackend.Api.Dto.Product.
2017-12-05 17:51:16.8081|INFO|Microsoft.AspNetCore.Mvc.Internal.ControllerActionInvoker|Executed action CoreBackend.Api.Controllers.ProductController.GetProduct (CoreBackend.Api) in 19647.7168ms
2017-12-05 17:51:16.8160|INFO|Microsoft.AspNetCore.Hosting.Internal.WebHost|Request finished in 19795.206ms 200 application/json; charset=utf-8
2017-12-05 17:51:19.4227|INFO|Microsoft.AspNetCore.Hosting.Internal.WebHost|Request starting HTTP/1.1 GET http://localhost:12018/api/product/1  
2017-12-05 17:51:19.4227|INFO|Microsoft.AspNetCore.Mvc.Internal.ControllerActionInvoker|Executing action method CoreBackend.Api.Controllers.ProductController.GetProduct (CoreBackend.Api) with arguments (1) - ModelState is Valid
2017-12-05 17:51:19.4227|INFO|CoreBackend.Api.Controllers.ProductController|Index page says hello
2017-12-05 19:28:48.5052|INFO|Microsoft.AspNetCore.Hosting.Internal.WebHost|Request starting HTTP/1.1 GET http://localhost:12018/  
2017-12-05 19:28:49.0895|INFO|Microsoft.AspNetCore.Hosting.Internal.WebHost|Request finished in 620.191ms 404 
2017-12-05 19:28:54.8240|INFO|Microsoft.AspNetCore.Hosting.Internal.WebHost|Request starting HTTP/1.1 GET http://localhost:12018/favicon.ico  
2017-12-05 19:28:54.8450|INFO|Microsoft.AspNetCore.Hosting.Internal.WebHost|Request finished in 15.4719ms 404 
2017-12-05 19:49:25.4261|INFO|Microsoft.AspNetCore.Hosting.Internal.WebHost|Request starting HTTP/1.1 GET http://localhost:12018/api/product/1  
2017-12-05 19:49:25.9981|ERROR|Microsoft.AspNetCore.Diagnostics.DeveloperExceptionPageMiddleware|An unhandled exception has occurred while executing the request
2017-12-05 19:49:26.2148|INFO|Microsoft.AspNetCore.Hosting.Internal.WebHost|Request finished in 823.2456ms 500 text/html; charset=utf-8
2017-12-05 19:50:10.1850|INFO|Microsoft.AspNetCore.Hosting.Internal.WebHost|Request starting HTTP/1.1 GET http://localhost:12018/api/product/1  
2017-12-05 19:50:10.2295|ERROR|Microsoft.AspNetCore.Diagnostics.DeveloperExceptionPageMiddleware|An unhandled exception has occurred while executing the request
2017-12-05 19:50:10.3565|INFO|Microsoft.AspNetCore.Hosting.Internal.WebHost|Request finished in 110.3441ms 500 text/html; charset=utf-8
2017-12-05 19:50:13.2033|INFO|Microsoft.AspNetCore.Hosting.Internal.WebHost|Request starting HTTP/1.1 GET http://localhost:12018/api/product/1  
2017-12-05 19:50:13.2506|ERROR|Microsoft.AspNetCore.Diagnostics.DeveloperExceptionPageMiddleware|An unhandled exception has occurred while executing the request
2017-12-05 19:50:13.3530|INFO|Microsoft.AspNetCore.Hosting.Internal.WebHost|Request finished in 130.4352ms 500 text/html; charset=utf-8
2017-12-05 20:52:47.9274|INFO|Microsoft.AspNetCore.Hosting.Internal.WebHost|Request starting HTTP/1.1 GET http://localhost:12018/api/product/1  
2017-12-05 20:52:47.9823|ERROR|Microsoft.AspNetCore.Diagnostics.DeveloperExceptionPageMiddleware|An unhandled exception has occurred while executing the request
2017-12-05 20:52:48.1675|INFO|Microsoft.AspNetCore.Hosting.Internal.WebHost|Request finished in 153.3783ms 500 text/html; charset=utf-8
2017-12-05 20:55:19.5680|INFO|Microsoft.AspNetCore.Hosting.Internal.WebHost|Request starting HTTP/1.1 GET http://localhost:12018/api/product/1  
2017-12-05 20:55:19.6139|ERROR|Microsoft.AspNetCore.Diagnostics.DeveloperExceptionPageMiddleware|An unhandled exception has occurred while executing the request
2017-12-05 20:55:19.7688|INFO|Microsoft.AspNetCore.Hosting.Internal.WebHost|Request finished in 115.7577ms 500 text/html; charset=utf-8
2017-12-05 20:55:20.9580|INFO|Microsoft.AspNetCore.Hosting.Internal.WebHost|Request starting HTTP/1.1 GET http://localhost:12018/api/product/1  
2017-12-05 20:55:20.9990|ERROR|Microsoft.AspNetCore.Diagnostics.DeveloperExceptionPageMiddleware|An unhandled exception has occurred while executing the request
2017-12-05 20:55:21.1425|INFO|Microsoft.AspNetCore.Hosting.Internal.WebHost|Request finished in 151.9079ms 500 text/html; charset=utf-8
2017-12-05 20:56:24.8541|INFO|Microsoft.AspNetCore.Hosting.Internal.WebHost|Request starting HTTP/1.1 GET http://localhost:12018/api/product/1  
2017-12-05 20:56:24.8541|INFO|Microsoft.AspNetCore.Hosting.Internal.WebHost|Request starting HTTP/1.1 GET http://localhost:12018/  
2017-12-05 20:56:25.2536|INFO|Microsoft.AspNetCore.Hosting.Internal.WebHost|Request finished in 502.9987ms 404 
2017-12-05 20:56:26.0297|INFO|Microsoft.EntityFrameworkCore.Infrastructure|Entity Framework Core 2.0.1-rtm-125 initialized 'MyContext' using provider 'Microsoft.EntityFrameworkCore.SqlServer' with options: None
2017-12-05 20:56:26.3261|INFO|Microsoft.EntityFrameworkCore.Database.Command|Executed DbCommand (49ms) [Parameters=[], CommandType='Text', CommandTimeout='30']
IF EXISTS (SELECT * FROM INFORMATION_SCHEMA.TABLES WHERE TABLE_TYPE = 'BASE TABLE') SELECT 1 ELSE SELECT 0
2017-12-05 20:56:26.3926|INFO|Microsoft.EntityFrameworkCore.Database.Command|Executed DbCommand (10ms) [Parameters=[], CommandType='Text', CommandTimeout='30']
CREATE TABLE [Products] (
    [Id] int NOT NULL IDENTITY,
    [Description] nvarchar(max) NULL,
    [Name] nvarchar(max) NULL,
    [Price] real NOT NULL,
    CONSTRAINT [PK_Products] PRIMARY KEY ([Id])
);
2017-12-05 20:56:26.4108|INFO|Microsoft.EntityFrameworkCore.Database.Command|Executed DbCommand (3ms) [Parameters=[], CommandType='Text', CommandTimeout='30']
CREATE TABLE [Material] (
    [Id] int NOT NULL IDENTITY,
    [Name] nvarchar(max) NULL,
    [ProductId] int NULL,
    CONSTRAINT [PK_Material] PRIMARY KEY ([Id]),
    CONSTRAINT [FK_Material_Products_ProductId] FOREIGN KEY ([ProductId]) REFERENCES [Products] ([Id]) ON DELETE NO ACTION
);
2017-12-05 20:56:26.4403|INFO|Microsoft.EntityFrameworkCore.Database.Command|Executed DbCommand (12ms) [Parameters=[], CommandType='Text', CommandTimeout='30']
CREATE INDEX [IX_Material_ProductId] ON [Material] ([ProductId]);
2017-12-05 20:56:34.8375|INFO|Microsoft.AspNetCore.Mvc.Internal.ControllerActionInvoker|Executing action method CoreBackend.Api.Controllers.ProductController.GetProduct (CoreBackend.Api) with arguments (1) - ModelState is Valid
2017-12-05 20:58:12.1860|INFO|Microsoft.AspNetCore.Hosting.Internal.WebHost|Request starting HTTP/1.1 GET http://localhost:12018/  
2017-12-05 20:58:12.5446|INFO|Microsoft.AspNetCore.Hosting.Internal.WebHost|Request finished in 406.6044ms 404 
2017-12-05 20:58:21.1855|INFO|Microsoft.AspNetCore.Hosting.Internal.WebHost|Request starting HTTP/1.1 GET http://localhost:12018/api/product/1  
2017-12-05 20:58:21.6712|INFO|Microsoft.EntityFrameworkCore.Infrastructure|Entity Framework Core 2.0.1-rtm-125 initialized 'MyContext' using provider 'Microsoft.EntityFrameworkCore.SqlServer' with options: None
2017-12-05 20:58:21.8279|INFO|Microsoft.EntityFrameworkCore.Database.Command|Executed DbCommand (12ms) [Parameters=[], CommandType='Text', CommandTimeout='30']
IF EXISTS (SELECT * FROM INFORMATION_SCHEMA.TABLES WHERE TABLE_TYPE = 'BASE TABLE') SELECT 1 ELSE SELECT 0
2017-12-05 20:58:35.2353|INFO|Microsoft.AspNetCore.Mvc.Internal.ControllerActionInvoker|Executing action method CoreBackend.Api.Controllers.ProductController.GetProduct (CoreBackend.Api) with arguments (1) - ModelState is Valid
2017-12-05 20:58:42.0195|INFO|Microsoft.AspNetCore.Mvc.Formatters.Json.Internal.JsonResultExecutor|Executing JsonResult, writing value CoreBackend.Api.Dto.Product.
2017-12-05 20:58:42.2063|INFO|Microsoft.AspNetCore.Mvc.Internal.ControllerActionInvoker|Executed action CoreBackend.Api.Controllers.ProductController.GetProduct (CoreBackend.Api) in 20882.1383ms
2017-12-05 20:58:42.2398|INFO|Microsoft.AspNetCore.Hosting.Internal.WebHost|Request finished in 21049.7066ms 200 application/json; charset=utf-8
2017-12-05 21:24:47.6168|INFO|Microsoft.AspNetCore.Hosting.Internal.WebHost|Request starting HTTP/1.1 GET http://localhost:12018/  
2017-12-05 21:24:48.1454|INFO|Microsoft.AspNetCore.Hosting.Internal.WebHost|Request finished in 503.6159ms 404 
2017-12-05 21:24:50.8989|INFO|Microsoft.AspNetCore.Hosting.Internal.WebHost|Request starting HTTP/1.1 GET http://localhost:12018/api/product/1  
2017-12-05 21:25:01.0478|INFO|Microsoft.EntityFrameworkCore.Infrastructure|Entity Framework Core 2.0.1-rtm-125 initialized 'MyContext' using provider 'Microsoft.EntityFrameworkCore.SqlServer' with options: None
2017-12-05 21:25:01.1969|INFO|Microsoft.EntityFrameworkCore.Database.Command|Executed DbCommand (13ms) [Parameters=[], CommandType='Text', CommandTimeout='30']
IF EXISTS (SELECT * FROM INFORMATION_SCHEMA.TABLES WHERE TABLE_TYPE = 'BASE TABLE') SELECT 1 ELSE SELECT 0
2017-12-05 21:25:01.2520|INFO|Microsoft.EntityFrameworkCore.Database.Command|Executed DbCommand (1ms) [Parameters=[], CommandType='Text', CommandTimeout='30']
CREATE TABLE [Products] (
    [Id] int NOT NULL IDENTITY,
    [Description] nvarchar(max) NULL,
    [Name] nvarchar(50) NOT NULL,
    [Price] decimal(8,2) NOT NULL,
    CONSTRAINT [PK_Products] PRIMARY KEY ([Id])
);
2017-12-05 21:25:01.2662|INFO|Microsoft.EntityFrameworkCore.Database.Command|Executed DbCommand (2ms) [Parameters=[], CommandType='Text', CommandTimeout='30']
CREATE TABLE [Material] (
    [Id] int NOT NULL IDENTITY,
    [Name] nvarchar(max) NULL,
    [ProductId] int NULL,
    CONSTRAINT [PK_Material] PRIMARY KEY ([Id]),
    CONSTRAINT [FK_Material_Products_ProductId] FOREIGN KEY ([ProductId]) REFERENCES [Products] ([Id]) ON DELETE NO ACTION
);
2017-12-05 21:25:01.2846|INFO|Microsoft.EntityFrameworkCore.Database.Command|Executed DbCommand (5ms) [Parameters=[], CommandType='Text', CommandTimeout='30']
CREATE INDEX [IX_Material_ProductId] ON [Material] ([ProductId]);
2017-12-05 21:25:04.7088|INFO|Microsoft.AspNetCore.Mvc.Internal.ControllerActionInvoker|Executing action method CoreBackend.Api.Controllers.ProductController.GetProduct (CoreBackend.Api) with arguments (1) - ModelState is Valid
2017-12-05 21:25:09.1325|INFO|Microsoft.AspNetCore.Mvc.Formatters.Json.Internal.JsonResultExecutor|Executing JsonResult, writing value CoreBackend.Api.Dto.Product.
2017-12-05 21:25:09.2953|INFO|Microsoft.AspNetCore.Mvc.Internal.ControllerActionInvoker|Executed action CoreBackend.Api.Controllers.ProductController.GetProduct (CoreBackend.Api) in 18220.1725ms
2017-12-05 21:25:09.3642|INFO|Microsoft.AspNetCore.Hosting.Internal.WebHost|Request finished in 18418.5009ms 200 application/json; charset=utf-8
2017-12-05 21:25:10.2910|INFO|Microsoft.AspNetCore.Hosting.Internal.WebHost|Request starting HTTP/1.1 GET http://localhost:12018/api/product/1  
2017-12-05 21:25:11.5988|INFO|Microsoft.EntityFrameworkCore.Infrastructure|Entity Framework Core 2.0.1-rtm-125 initialized 'MyContext' using provider 'Microsoft.EntityFrameworkCore.SqlServer' with options: None
2017-12-05 21:25:11.6173|INFO|Microsoft.EntityFrameworkCore.Database.Command|Executed DbCommand (4ms) [Parameters=[], CommandType='Text', CommandTimeout='30']
IF EXISTS (SELECT * FROM INFORMATION_SCHEMA.TABLES WHERE TABLE_TYPE = 'BASE TABLE') SELECT 1 ELSE SELECT 0
2017-12-05 21:25:12.5184|INFO|Microsoft.AspNetCore.Mvc.Internal.ControllerActionInvoker|Executing action method CoreBackend.Api.Controllers.ProductController.GetProduct (CoreBackend.Api) with arguments (1) - ModelState is Valid
2017-12-05 21:25:14.0179|INFO|Microsoft.AspNetCore.Mvc.Formatters.Json.Internal.JsonResultExecutor|Executing JsonResult, writing value CoreBackend.Api.Dto.Product.
2017-12-05 21:25:14.0408|INFO|Microsoft.AspNetCore.Mvc.Internal.ControllerActionInvoker|Executed action CoreBackend.Api.Controllers.ProductController.GetProduct (CoreBackend.Api) in 3726.1525ms
2017-12-05 21:25:14.1124|INFO|Microsoft.AspNetCore.Hosting.Internal.WebHost|Request finished in 3805.1748ms 200 application/json; charset=utf-8
2017-12-05 21:27:59.6241|INFO|Microsoft.EntityFrameworkCore.Infrastructure|Entity Framework Core 2.0.1-rtm-125 initialized 'MyContext' using provider 'Microsoft.EntityFrameworkCore.SqlServer' with options: None
2017-12-05 21:27:59.8070|INFO|Microsoft.EntityFrameworkCore.Database.Command|Executed DbCommand (10ms) [Parameters=[], CommandType='Text', CommandTimeout='30']
IF EXISTS (SELECT * FROM INFORMATION_SCHEMA.TABLES WHERE TABLE_TYPE = 'BASE TABLE') SELECT 1 ELSE SELECT 0
2017-12-05 21:42:59.3116|INFO|Microsoft.EntityFrameworkCore.Infrastructure|Entity Framework Core 2.0.1-rtm-125 initialized 'MyContext' using provider 'Microsoft.EntityFrameworkCore.SqlServer' with options: None
2017-12-05 21:42:59.5165|INFO|Microsoft.EntityFrameworkCore.Database.Command|Executed DbCommand (9ms) [Parameters=[], CommandType='Text', CommandTimeout='30']
SELECT OBJECT_ID(N'__EFMigrationsHistory');
2017-12-05 21:42:59.5604|INFO|Microsoft.EntityFrameworkCore.Database.Command|Executed DbCommand (3ms) [Parameters=[], CommandType='Text', CommandTimeout='30']
CREATE TABLE [__EFMigrationsHistory] (
    [MigrationId] nvarchar(150) NOT NULL,
    [ProductVersion] nvarchar(32) NOT NULL,
    CONSTRAINT [PK___EFMigrationsHistory] PRIMARY KEY ([MigrationId])
);
2017-12-05 21:42:59.5604|INFO|Microsoft.EntityFrameworkCore.Database.Command|Executed DbCommand (1ms) [Parameters=[], CommandType='Text', CommandTimeout='30']
SELECT OBJECT_ID(N'__EFMigrationsHistory');
2017-12-05 21:42:59.5604|INFO|Microsoft.EntityFrameworkCore.Database.Command|Executed DbCommand (1ms) [Parameters=[], CommandType='Text', CommandTimeout='30']
SELECT [MigrationId], [ProductVersion]
FROM [__EFMigrationsHistory]
ORDER BY [MigrationId];
2017-12-05 21:42:59.5790|INFO|Microsoft.EntityFrameworkCore.Migrations|Applying migration '20171205132759_yao'.
2017-12-05 21:42:59.6210|INFO|Microsoft.EntityFrameworkCore.Database.Command|Executed DbCommand (2ms) [Parameters=[], CommandType='Text', CommandTimeout='30']
CREATE TABLE [Products] (
    [Id] int NOT NULL IDENTITY,
    [Description] nvarchar(max) NULL,
    [Name] nvarchar(50) NOT NULL,
    [Price] decimal(8,2) NOT NULL,
    CONSTRAINT [PK_Products] PRIMARY KEY ([Id])
);
2017-12-05 21:42:59.6210|INFO|Microsoft.EntityFrameworkCore.Database.Command|Executed DbCommand (1ms) [Parameters=[], CommandType='Text', CommandTimeout='30']
CREATE TABLE [Material] (
    [Id] int NOT NULL IDENTITY,
    [Name] nvarchar(max) NULL,
    [ProductId] int NULL,
    CONSTRAINT [PK_Material] PRIMARY KEY ([Id]),
    CONSTRAINT [FK_Material_Products_ProductId] FOREIGN KEY ([ProductId]) REFERENCES [Products] ([Id]) ON DELETE NO ACTION
);
2017-12-05 21:42:59.6210|INFO|Microsoft.EntityFrameworkCore.Database.Command|Executed DbCommand (1ms) [Parameters=[], CommandType='Text', CommandTimeout='30']
CREATE INDEX [IX_Material_ProductId] ON [Material] ([ProductId]);
2017-12-05 21:42:59.6210|INFO|Microsoft.EntityFrameworkCore.Database.Command|Executed DbCommand (4ms) [Parameters=[], CommandType='Text', CommandTimeout='30']
INSERT INTO [__EFMigrationsHistory] ([MigrationId], [ProductVersion])
VALUES (N'20171205132759_yao', N'2.0.1-rtm-125');
2017-12-05 21:42:59.6486|INFO|Microsoft.EntityFrameworkCore.Database.Command|Executed DbCommand (5ms) [Parameters=[], CommandType='Text', CommandTimeout='30']
SELECT OBJECT_ID(N'__EFMigrationsHistory');
2017-12-05 21:42:59.6543|INFO|Microsoft.EntityFrameworkCore.Database.Command|Executed DbCommand (3ms) [Parameters=[], CommandType='Text', CommandTimeout='30']
SELECT OBJECT_ID(N'__EFMigrationsHistory');
2017-12-05 21:42:59.6543|INFO|Microsoft.EntityFrameworkCore.Database.Command|Executed DbCommand (1ms) [Parameters=[], CommandType='Text', CommandTimeout='30']
SELECT [MigrationId], [ProductVersion]
FROM [__EFMigrationsHistory]
ORDER BY [MigrationId];
2017-12-05 21:42:59.6543|INFO|Microsoft.EntityFrameworkCore.Migrations|No migrations were applied. The database is already up to date.
2017-12-05 21:43:45.8252|INFO|Microsoft.EntityFrameworkCore.Infrastructure|Entity Framework Core 2.0.1-rtm-125 initialized 'MyContext' using provider 'Microsoft.EntityFrameworkCore.SqlServer' with options: None
2017-12-05 21:43:46.0201|INFO|Microsoft.EntityFrameworkCore.Database.Command|Executed DbCommand (8ms) [Parameters=[], CommandType='Text', CommandTimeout='30']
SELECT OBJECT_ID(N'__EFMigrationsHistory');
2017-12-05 21:43:46.0262|INFO|Microsoft.EntityFrameworkCore.Database.Command|Executed DbCommand (1ms) [Parameters=[], CommandType='Text', CommandTimeout='30']
SELECT OBJECT_ID(N'__EFMigrationsHistory');
2017-12-05 21:43:46.0262|INFO|Microsoft.EntityFrameworkCore.Database.Command|Executed DbCommand (0ms) [Parameters=[], CommandType='Text', CommandTimeout='30']
SELECT [MigrationId], [ProductVersion]
FROM [__EFMigrationsHistory]
ORDER BY [MigrationId];
2017-12-05 21:43:46.0262|INFO|Microsoft.EntityFrameworkCore.Migrations|No migrations were applied. The database is already up to date.
2017-12-05 21:43:46.0479|INFO|Microsoft.EntityFrameworkCore.Database.Command|Executed DbCommand (1ms) [Parameters=[], CommandType='Text', CommandTimeout='30']
SELECT OBJECT_ID(N'__EFMigrationsHistory');
2017-12-05 21:43:46.0479|INFO|Microsoft.EntityFrameworkCore.Database.Command|Executed DbCommand (1ms) [Parameters=[], CommandType='Text', CommandTimeout='30']
SELECT OBJECT_ID(N'__EFMigrationsHistory');
2017-12-05 21:43:46.0569|INFO|Microsoft.EntityFrameworkCore.Database.Command|Executed DbCommand (3ms) [Parameters=[], CommandType='Text', CommandTimeout='30']
SELECT [MigrationId], [ProductVersion]
FROM [__EFMigrationsHistory]
ORDER BY [MigrationId];
2017-12-05 21:43:46.0569|INFO|Microsoft.EntityFrameworkCore.Migrations|No migrations were applied. The database is already up to date.
2017-12-05 21:44:47.0360|INFO|Microsoft.EntityFrameworkCore.Infrastructure|Entity Framework Core 2.0.1-rtm-125 initialized 'MyContext' using provider 'Microsoft.EntityFrameworkCore.SqlServer' with options: None
2017-12-05 21:44:47.2494|INFO|Microsoft.EntityFrameworkCore.Database.Command|Executed DbCommand (9ms) [Parameters=[], CommandType='Text', CommandTimeout='30']
SELECT OBJECT_ID(N'__EFMigrationsHistory');
2017-12-05 21:44:47.2494|INFO|Microsoft.EntityFrameworkCore.Database.Command|Executed DbCommand (1ms) [Parameters=[], CommandType='Text', CommandTimeout='30']
SELECT OBJECT_ID(N'__EFMigrationsHistory');
2017-12-05 21:44:47.2592|INFO|Microsoft.EntityFrameworkCore.Database.Command|Executed DbCommand (0ms) [Parameters=[], CommandType='Text', CommandTimeout='30']
SELECT [MigrationId], [ProductVersion]
FROM [__EFMigrationsHistory]
ORDER BY [MigrationId];
2017-12-05 21:44:47.2592|INFO|Microsoft.EntityFrameworkCore.Migrations|No migrations were applied. The database is already up to date.
2017-12-05 22:00:30.2024|INFO|Microsoft.EntityFrameworkCore.Infrastructure|Entity Framework Core 2.0.1-rtm-125 initialized 'MyContext' using provider 'Microsoft.EntityFrameworkCore.SqlServer' with options: None
2017-12-05 22:00:30.3973|INFO|Microsoft.EntityFrameworkCore.Database.Command|Executed DbCommand (9ms) [Parameters=[], CommandType='Text', CommandTimeout='30']
SELECT OBJECT_ID(N'__EFMigrationsHistory');
2017-12-05 22:00:30.4064|INFO|Microsoft.EntityFrameworkCore.Database.Command|Executed DbCommand (1ms) [Parameters=[], CommandType='Text', CommandTimeout='30']
SELECT OBJECT_ID(N'__EFMigrationsHistory');
2017-12-05 22:00:30.4064|INFO|Microsoft.EntityFrameworkCore.Database.Command|Executed DbCommand (0ms) [Parameters=[], CommandType='Text', CommandTimeout='30']
SELECT [MigrationId], [ProductVersion]
FROM [__EFMigrationsHistory]
ORDER BY [MigrationId];
2017-12-05 22:00:30.4219|INFO|Microsoft.EntityFrameworkCore.Migrations|Applying migration '20171205134447_yaoc'.
2017-12-05 22:00:30.4358|INFO|Microsoft.EntityFrameworkCore.Database.Command|Executed DbCommand (1ms) [Parameters=[], CommandType='Text', CommandTimeout='30']
INSERT INTO [__EFMigrationsHistory] ([MigrationId], [ProductVersion])
VALUES (N'20171205134447_yaoc', N'2.0.1-rtm-125');
2017-12-05 22:18:06.6097|INFO|Microsoft.AspNetCore.Hosting.Internal.WebHost|Request starting HTTP/1.1 GET http://localhost:12018/  
2017-12-05 22:18:06.9736|INFO|Microsoft.AspNetCore.Hosting.Internal.WebHost|Request finished in 440.6811ms 404 
2017-12-05 22:18:11.8538|INFO|Microsoft.AspNetCore.Hosting.Internal.WebHost|Request starting HTTP/1.1 GET http://localhost:12018/api/product/1  
2017-12-05 22:18:21.7690|INFO|Microsoft.EntityFrameworkCore.Infrastructure|Entity Framework Core 2.0.1-rtm-125 initialized 'MyContext' using provider 'Microsoft.EntityFrameworkCore.SqlServer' with options: None
2017-12-05 22:18:21.9215|INFO|Microsoft.EntityFrameworkCore.Database.Command|Executed DbCommand (10ms) [Parameters=[], CommandType='Text', CommandTimeout='30']
SELECT OBJECT_ID(N'__EFMigrationsHistory');
2017-12-05 22:18:21.9399|INFO|Microsoft.EntityFrameworkCore.Database.Command|Executed DbCommand (1ms) [Parameters=[], CommandType='Text', CommandTimeout='30']
SELECT OBJECT_ID(N'__EFMigrationsHistory');
2017-12-05 22:18:21.9629|INFO|Microsoft.EntityFrameworkCore.Database.Command|Executed DbCommand (6ms) [Parameters=[], CommandType='Text', CommandTimeout='30']
SELECT [MigrationId], [ProductVersion]
FROM [__EFMigrationsHistory]
ORDER BY [MigrationId];
2017-12-05 22:18:22.0264|INFO|Microsoft.EntityFrameworkCore.Migrations|Applying migration '20171205140030_AddMaterial'.
2017-12-05 22:18:28.9718|INFO|Microsoft.EntityFrameworkCore.Database.Command|Executed DbCommand (7ms) [Parameters=[], CommandType='Text', CommandTimeout='30']
ALTER TABLE [Material] DROP CONSTRAINT [FK_Material_Products_ProductId];
2017-12-05 22:18:28.9893|INFO|Microsoft.EntityFrameworkCore.Database.Command|Executed DbCommand (6ms) [Parameters=[], CommandType='Text', CommandTimeout='30']
ALTER TABLE [Material] DROP CONSTRAINT [PK_Material];
2017-12-05 22:18:29.1057|INFO|Microsoft.EntityFrameworkCore.Database.Command|Executed DbCommand (105ms) [Parameters=[], CommandType='Text', CommandTimeout='30']
EXEC sp_rename N'Material', N'Materials';
2017-12-05 22:18:29.1183|INFO|Microsoft.EntityFrameworkCore.Database.Command|Executed DbCommand (1ms) [Parameters=[], CommandType='Text', CommandTimeout='30']
EXEC sp_rename N'Materials.IX_Material_ProductId', N'IX_Materials_ProductId', N'INDEX';
2017-12-05 22:18:29.1611|INFO|Microsoft.EntityFrameworkCore.Database.Command|Executed DbCommand (25ms) [Parameters=[], CommandType='Text', CommandTimeout='30']
DROP INDEX [IX_Materials_ProductId] ON [Materials];
DECLARE @var0 sysname;
SELECT @var0 = [d].[name]
FROM [sys].[default_constraints] [d]
INNER JOIN [sys].[columns] [c] ON [d].[parent_column_id] = [c].[column_id] AND [d].[parent_object_id] = [c].[object_id]
WHERE ([d].[parent_object_id] = OBJECT_ID(N'Materials') AND [c].[name] = N'ProductId');
IF @var0 IS NOT NULL EXEC(N'ALTER TABLE [Materials] DROP CONSTRAINT [' + @var0 + '];');
ALTER TABLE [Materials] ALTER COLUMN [ProductId] int NOT NULL;
CREATE INDEX [IX_Materials_ProductId] ON [Materials] ([ProductId]);
2017-12-05 22:18:29.1887|INFO|Microsoft.EntityFrameworkCore.Database.Command|Executed DbCommand (15ms) [Parameters=[], CommandType='Text', CommandTimeout='30']
DECLARE @var1 sysname;
SELECT @var1 = [d].[name]
FROM [sys].[default_constraints] [d]
INNER JOIN [sys].[columns] [c] ON [d].[parent_column_id] = [c].[column_id] AND [d].[parent_object_id] = [c].[object_id]
WHERE ([d].[parent_object_id] = OBJECT_ID(N'Materials') AND [c].[name] = N'Name');
IF @var1 IS NOT NULL EXEC(N'ALTER TABLE [Materials] DROP CONSTRAINT [' + @var1 + '];');
ALTER TABLE [Materials] ALTER COLUMN [Name] nvarchar(50) NOT NULL;
2017-12-05 22:18:29.2020|INFO|Microsoft.EntityFrameworkCore.Database.Command|Executed DbCommand (1ms) [Parameters=[], CommandType='Text', CommandTimeout='30']
ALTER TABLE [Materials] ADD CONSTRAINT [PK_Materials] PRIMARY KEY ([Id]);
2017-12-05 22:18:29.2137|INFO|Microsoft.EntityFrameworkCore.Database.Command|Executed DbCommand (1ms) [Parameters=[], CommandType='Text', CommandTimeout='30']
ALTER TABLE [Materials] ADD CONSTRAINT [FK_Materials_Products_ProductId] FOREIGN KEY ([ProductId]) REFERENCES [Products] ([Id]) ON DELETE CASCADE;
2017-12-05 22:18:29.2137|INFO|Microsoft.EntityFrameworkCore.Database.Command|Executed DbCommand (0ms) [Parameters=[], CommandType='Text', CommandTimeout='30']
INSERT INTO [__EFMigrationsHistory] ([MigrationId], [ProductVersion])
VALUES (N'20171205140030_AddMaterial', N'2.0.1-rtm-125');
2017-12-05 22:18:29.2702|INFO|Microsoft.AspNetCore.Mvc.Internal.ControllerActionInvoker|Executing action method CoreBackend.Api.Controllers.ProductController.GetProduct (CoreBackend.Api) with arguments (1) - ModelState is Valid
2017-12-05 22:18:38.6643|INFO|Microsoft.AspNetCore.Mvc.Formatters.Json.Internal.JsonResultExecutor|Executing JsonResult, writing value CoreBackend.Api.Dto.Product.
2017-12-05 22:18:38.7804|INFO|Microsoft.AspNetCore.Mvc.Internal.ControllerActionInvoker|Executed action CoreBackend.Api.Controllers.ProductController.GetProduct (CoreBackend.Api) in 26778.939ms
2017-12-05 22:18:38.8297|INFO|Microsoft.AspNetCore.Hosting.Internal.WebHost|Request finished in 26953.561ms 200 application/json; charset=utf-8
2017-12-05 22:20:53.0092|INFO|Microsoft.AspNetCore.Hosting.Internal.WebHost|Request starting HTTP/1.1 GET http://localhost:12018/  
2017-12-05 22:20:53.4419|INFO|Microsoft.AspNetCore.Hosting.Internal.WebHost|Request finished in 449.9677ms 404 
2017-12-05 22:20:54.3846|INFO|Microsoft.AspNetCore.Hosting.Internal.WebHost|Request starting HTTP/1.1 GET http://localhost:12018/  
2017-12-05 22:20:54.4146|INFO|Microsoft.AspNetCore.Hosting.Internal.WebHost|Request finished in 28.2203ms 404 
2017-12-05 22:20:58.5240|INFO|Microsoft.AspNetCore.Hosting.Internal.WebHost|Request starting HTTP/1.1 GET http://localhost:12018/api/product/1  
2017-12-05 22:21:07.4645|INFO|Microsoft.EntityFrameworkCore.Infrastructure|Entity Framework Core 2.0.1-rtm-125 initialized 'MyContext' using provider 'Microsoft.EntityFrameworkCore.SqlServer' with options: None
2017-12-05 22:21:07.6161|INFO|Microsoft.EntityFrameworkCore.Database.Command|Executed DbCommand (8ms) [Parameters=[], CommandType='Text', CommandTimeout='30']
SELECT OBJECT_ID(N'__EFMigrationsHistory');
2017-12-05 22:21:07.6290|INFO|Microsoft.EntityFrameworkCore.Database.Command|Executed DbCommand (1ms) [Parameters=[], CommandType='Text', CommandTimeout='30']
SELECT OBJECT_ID(N'__EFMigrationsHistory');
2017-12-05 22:21:07.6435|INFO|Microsoft.EntityFrameworkCore.Database.Command|Executed DbCommand (0ms) [Parameters=[], CommandType='Text', CommandTimeout='30']
SELECT [MigrationId], [ProductVersion]
FROM [__EFMigrationsHistory]
ORDER BY [MigrationId];
2017-12-05 22:21:07.6640|INFO|Microsoft.EntityFrameworkCore.Migrations|No migrations were applied. The database is already up to date.
2017-12-05 22:21:16.4066|INFO|Microsoft.AspNetCore.Mvc.Internal.ControllerActionInvoker|Executing action method CoreBackend.Api.Controllers.ProductController.GetProduct (CoreBackend.Api) with arguments (1) - ModelState is Valid
2017-12-05 22:21:28.2113|INFO|Microsoft.EntityFrameworkCore.Database.Command|Executed DbCommand (2ms) [Parameters=[], CommandType='Text', CommandTimeout='30']
SELECT [x].[Id], [x].[Description], [x].[Name], [x].[Price]
FROM [Products] AS [x]
ORDER BY [x].[Name]
2017-12-05 22:21:32.4225|INFO|Microsoft.AspNetCore.Mvc.Formatters.Json.Internal.JsonResultExecutor|Executing JsonResult, writing value System.Collections.Generic.List`1[CoreBackend.Api.Dto.Product].
2017-12-05 22:21:32.5305|INFO|Microsoft.AspNetCore.Mvc.Internal.ControllerActionInvoker|Executed action CoreBackend.Api.Controllers.ProductController.GetProduct (CoreBackend.Api) in 33845.6749ms
2017-12-05 22:21:32.5795|INFO|Microsoft.AspNetCore.Hosting.Internal.WebHost|Request finished in 34038.6616ms 200 application/json; charset=utf-8
2017-12-05 22:21:47.8653|INFO|Microsoft.AspNetCore.Hosting.Internal.WebHost|Request starting HTTP/1.1 GET http://localhost:12018/api/product/1  
2017-12-05 22:21:48.5337|INFO|Microsoft.EntityFrameworkCore.Infrastructure|Entity Framework Core 2.0.1-rtm-125 initialized 'MyContext' using provider 'Microsoft.EntityFrameworkCore.SqlServer' with options: None
2017-12-05 22:21:48.5715|INFO|Microsoft.EntityFrameworkCore.Database.Command|Executed DbCommand (1ms) [Parameters=[], CommandType='Text', CommandTimeout='30']
SELECT OBJECT_ID(N'__EFMigrationsHistory');
2017-12-05 22:21:48.5925|INFO|Microsoft.EntityFrameworkCore.Database.Command|Executed DbCommand (0ms) [Parameters=[], CommandType='Text', CommandTimeout='30']
SELECT OBJECT_ID(N'__EFMigrationsHistory');
2017-12-05 22:21:48.6055|INFO|Microsoft.EntityFrameworkCore.Database.Command|Executed DbCommand (0ms) [Parameters=[], CommandType='Text', CommandTimeout='30']
SELECT [MigrationId], [ProductVersion]
FROM [__EFMigrationsHistory]
ORDER BY [MigrationId];
2017-12-05 22:21:48.6237|INFO|Microsoft.EntityFrameworkCore.Migrations|No migrations were applied. The database is already up to date.
2017-12-05 22:21:48.6435|INFO|Microsoft.AspNetCore.Mvc.Internal.ControllerActionInvoker|Executing action method CoreBackend.Api.Controllers.ProductController.GetProduct (CoreBackend.Api) with arguments (1) - ModelState is Valid
2017-12-05 22:21:49.6413|INFO|Microsoft.EntityFrameworkCore.Database.Command|Executed DbCommand (5ms) [Parameters=[], CommandType='Text', CommandTimeout='30']
SELECT [x].[Id], [x].[Description], [x].[Name], [x].[Price]
FROM [Products] AS [x]
ORDER BY [x].[Name]
2017-12-05 22:21:49.8183|ERROR|Microsoft.EntityFrameworkCore.Query|An exception occurred in the database while iterating the results of a query for context type 'CoreBackend.Api.Entities.MyContext'.
System.InvalidOperationException: An exception occurred while reading a database value for property 'Product.Price'. The expected type was 'System.Single' but the actual value was of type 'System.Decimal'. ---> System.InvalidCastException: Unable to cast object of type 'System.Decimal' to type 'System.Single'.
   at Microsoft.EntityFrameworkCore.Metadata.Internal.EntityMaterializerSource.TryReadValue[TValue](ValueBuffer valueBuffer, Int32 index, IPropertyBase property)
   --- End of inner exception stack trace ---
   at Microsoft.EntityFrameworkCore.Metadata.Internal.EntityMaterializerSource.ThrowReadValueException[TValue](Exception exception, Object value, IPropertyBase property)
   at Microsoft.EntityFrameworkCore.Metadata.Internal.EntityMaterializerSource.TryReadValue[TValue](ValueBuffer valueBuffer, Int32 index, IPropertyBase property)
   at lambda_method(Closure , ValueBuffer )
   at Microsoft.EntityFrameworkCore.Query.ExpressionVisitors.Internal.UnbufferedEntityShaper`1.Shape(QueryContext queryContext, ValueBuffer valueBuffer)
   at Microsoft.EntityFrameworkCore.Query.Internal.QueryingEnumerable`1.Enumerator.BufferlessMoveNext(Boolean buffer)
   at Microsoft.EntityFrameworkCore.ExecutionStrategyExtensions.<>c__DisplayClass12_0`2.<Execute>b__0(DbContext c, TState s)
   at Microsoft.EntityFrameworkCore.Storage.Internal.SqlServerExecutionStrategy.Execute[TState,TResult](TState state, Func`3 operation, Func`3 verifySucceeded)
   at Microsoft.EntityFrameworkCore.ExecutionStrategyExtensions.Execute[TState,TResult](IExecutionStrategy strategy, Func`2 operation, Func`2 verifySucceeded, TState state)
   at Microsoft.EntityFrameworkCore.ExecutionStrategyExtensions.Execute[TState,TResult](IExecutionStrategy strategy, TState state, Func`2 operation)
   at Microsoft.EntityFrameworkCore.Query.Internal.QueryingEnumerable`1.Enumerator.MoveNext()
   at Microsoft.EntityFrameworkCore.Query.Internal.LinqOperatorProvider.<_TrackEntities>d__17`2.MoveNext()
   at Microsoft.EntityFrameworkCore.Query.Internal.LinqOperatorProvider.ExceptionInterceptor`1.EnumeratorExceptionInterceptor.MoveNext()
2017-12-05 22:24:40.3313|INFO|Microsoft.AspNetCore.Hosting.Internal.WebHost|Request starting HTTP/1.1 GET http://localhost:12018/  
2017-12-05 22:24:40.3313|INFO|Microsoft.AspNetCore.Hosting.Internal.WebHost|Request starting HTTP/1.1 GET http://localhost:12018/api/product/1  
2017-12-05 22:24:40.9733|INFO|Microsoft.AspNetCore.Hosting.Internal.WebHost|Request finished in 757.5963ms 404 
2017-12-05 22:24:44.9564|INFO|Microsoft.EntityFrameworkCore.Infrastructure|Entity Framework Core 2.0.1-rtm-125 initialized 'MyContext' using provider 'Microsoft.EntityFrameworkCore.SqlServer' with options: None
2017-12-05 22:24:45.1598|INFO|Microsoft.EntityFrameworkCore.Database.Command|Executed DbCommand (12ms) [Parameters=[], CommandType='Text', CommandTimeout='30']
SELECT OBJECT_ID(N'__EFMigrationsHistory');
2017-12-05 22:24:45.1746|INFO|Microsoft.EntityFrameworkCore.Database.Command|Executed DbCommand (1ms) [Parameters=[], CommandType='Text', CommandTimeout='30']
SELECT OBJECT_ID(N'__EFMigrationsHistory');
2017-12-05 22:24:45.1985|INFO|Microsoft.EntityFrameworkCore.Database.Command|Executed DbCommand (0ms) [Parameters=[], CommandType='Text', CommandTimeout='30']
SELECT [MigrationId], [ProductVersion]
FROM [__EFMigrationsHistory]
ORDER BY [MigrationId];
2017-12-05 22:24:45.2242|INFO|Microsoft.EntityFrameworkCore.Migrations|No migrations were applied. The database is already up to date.
2017-12-05 22:24:47.3129|INFO|Microsoft.AspNetCore.Mvc.Internal.ControllerActionInvoker|Executing action method CoreBackend.Api.Controllers.ProductController.GetProduct (CoreBackend.Api) with arguments (1) - ModelState is Valid
2017-12-05 22:24:48.6397|INFO|Microsoft.EntityFrameworkCore.Database.Command|Executed DbCommand (0ms) [Parameters=[], CommandType='Text', CommandTimeout='30']
SELECT [x].[Id], [x].[Description], [x].[Name], [x].[Price]
FROM [Products] AS [x]
ORDER BY [x].[Name]
2017-12-05 22:24:48.7351|INFO|Microsoft.AspNetCore.Mvc.Formatters.Json.Internal.JsonResultExecutor|Executing JsonResult, writing value System.Collections.Generic.List`1[CoreBackend.Api.Dto.Product].
2017-12-05 22:24:48.8968|INFO|Microsoft.AspNetCore.Mvc.Internal.ControllerActionInvoker|Executed action CoreBackend.Api.Controllers.ProductController.GetProduct (CoreBackend.Api) in 7698.6581ms
2017-12-05 22:24:48.9554|INFO|Microsoft.AspNetCore.Hosting.Internal.WebHost|Request finished in 8735.2101ms 200 application/json; charset=utf-8
